[INFO|main.py:14] 2020-03-08 10:43:58,352 > ----------main()----------
[INFO|crawler.py:241] 2020-03-08 10:43:58,352 > ----------getResultKeywordFile()----------
[INFO|crawler.py:117] 2020-03-08 10:43:58,353 > ----------getDaumKeyword()----------
[INFO|crawler.py:72] 2020-03-08 10:43:58,785 > ----------getNaverKeyword()----------
[INFO|crawler.py:158] 2020-03-08 10:43:59,090 > ----------getYoutubeKeyword()----------
[INFO|crawler.py:177] 2020-03-08 10:43:59,951 > ----------getDaumNews()----------
[INFO|crawler.py:202] 2020-03-08 10:44:00,331 > ----------getNaverNews()----------
[INFO|crawler.py:52] 2020-03-08 10:44:00,581 > ----------setKeywordHeader()----------
[INFO|main.py:14] 2020-03-08 10:46:33,509 > ----------main()----------
[INFO|crawler.py:242] 2020-03-08 10:46:33,509 > ----------getResultKeywordFile()----------
[INFO|crawler.py:118] 2020-03-08 10:46:33,509 > ----------getDaumKeyword()----------
[INFO|crawler.py:73] 2020-03-08 10:46:33,893 > ----------getNaverKeyword()----------
[INFO|crawler.py:159] 2020-03-08 10:46:34,118 > ----------getYoutubeKeyword()----------
[INFO|crawler.py:178] 2020-03-08 10:46:35,097 > ----------getDaumNews()----------
[INFO|crawler.py:203] 2020-03-08 10:46:35,427 > ----------getNaverNews()----------
[INFO|crawler.py:53] 2020-03-08 10:46:35,682 > ----------setKeywordHeader()----------
[INFO|mkHtml.py:26] 2020-03-08 10:46:53,005 > ----------getHtml()----------
[INFO|mkHtml.py:26] 2020-03-08 10:47:43,514 > ----------getHtml()----------
[INFO|main.py:13] 2020-03-08 11:00:38,264 > ----------main()----------
[INFO|crawler.py:241] 2020-03-08 11:00:38,264 > ----------getResultKeywordFile()----------
[INFO|crawler.py:117] 2020-03-08 11:00:38,264 > ----------getDaumKeyword()----------
[INFO|crawler.py:72] 2020-03-08 11:00:38,690 > ----------getNaverKeyword()----------
[INFO|crawler.py:158] 2020-03-08 11:00:38,979 > ----------getYoutubeKeyword()----------
[INFO|crawler.py:177] 2020-03-08 11:00:39,920 > ----------getDaumNews()----------
[INFO|crawler.py:202] 2020-03-08 11:00:40,256 > ----------getNaverNews()----------
[INFO|crawler.py:52] 2020-03-08 11:00:40,511 > ----------setKeywordHeader()----------
[INFO|mkHtml.py:27] 2020-03-08 11:01:51,092 > ----------getHtml()----------
[INFO|main.py:13] 2020-03-08 11:01:57,591 > ----------main()----------
[INFO|crawler.py:242] 2020-03-08 11:01:57,591 > ----------getResultKeywordFile()----------
[INFO|crawler.py:118] 2020-03-08 11:01:57,591 > ----------getDaumKeyword()----------
[INFO|crawler.py:73] 2020-03-08 11:01:57,997 > ----------getNaverKeyword()----------
[INFO|crawler.py:159] 2020-03-08 11:01:58,291 > ----------getYoutubeKeyword()----------
[INFO|crawler.py:178] 2020-03-08 11:01:59,046 > ----------getDaumNews()----------
[INFO|crawler.py:203] 2020-03-08 11:01:59,356 > ----------getNaverNews()----------
[INFO|crawler.py:53] 2020-03-08 11:01:59,572 > ----------setKeywordHeader()----------
[INFO|mkHtml.py:27] 2020-03-08 11:02:02,371 > ----------getHtml()----------
[INFO|main.py:13] 2020-03-08 17:57:43,350 > ----------main()----------
[INFO|crawler.py:242] 2020-03-08 17:57:43,350 > ----------getResultKeywordFile()----------
[INFO|crawler.py:118] 2020-03-08 17:57:43,350 > ----------getDaumKeyword()----------
[INFO|crawler.py:73] 2020-03-08 17:57:43,775 > ----------getNaverKeyword()----------
[INFO|crawler.py:159] 2020-03-08 17:57:44,061 > ----------getYoutubeKeyword()----------
[INFO|crawler.py:178] 2020-03-08 17:57:44,920 > ----------getDaumNews()----------
[INFO|crawler.py:203] 2020-03-08 17:57:45,264 > ----------getNaverNews()----------
[INFO|crawler.py:53] 2020-03-08 17:57:45,519 > ----------setKeywordHeader()----------
[INFO|main.py:13] 2020-03-08 17:58:02,432 > ----------main()----------
[INFO|crawler.py:242] 2020-03-08 17:58:02,432 > ----------getResultKeywordFile()----------
[INFO|crawler.py:118] 2020-03-08 17:58:02,432 > ----------getDaumKeyword()----------
[INFO|crawler.py:73] 2020-03-08 17:58:02,833 > ----------getNaverKeyword()----------
[INFO|crawler.py:159] 2020-03-08 17:58:03,146 > ----------getYoutubeKeyword()----------
[INFO|crawler.py:178] 2020-03-08 17:58:03,911 > ----------getDaumNews()----------
[INFO|crawler.py:203] 2020-03-08 17:58:04,261 > ----------getNaverNews()----------
[INFO|crawler.py:53] 2020-03-08 17:58:04,478 > ----------setKeywordHeader()----------
[INFO|mkHtml.py:27] 2020-03-08 17:58:05,639 > ----------getHtml()----------
[INFO|htmlcrawl.py:39] 2020-03-08 21:40:22,069 > ----------getDaumKeyword()----------
[INFO|htmlcrawl.py:39] 2020-03-08 21:41:47,923 > ----------getDaumKeyword()----------
[INFO|htmlcrawl.py:39] 2020-03-08 21:42:27,138 > ----------getDaumKeyword()----------
[INFO|htmlcrawl.py:39] 2020-03-08 21:44:15,385 > ----------getDaumKeyword()----------
[INFO|htmlcrawl.py:39] 2020-03-08 21:44:44,918 > ----------getDaumKeyword()----------
[INFO|htmlcrawl.py:41] 2020-03-08 22:18:37,125 > ----------getDaumKeyword()----------
[INFO|htmlcrawl.py:41] 2020-03-08 22:18:59,037 > ----------getDaumKeyword()----------
[INFO|htmlcrawl.py:41] 2020-03-08 22:19:51,519 > ----------getDaumKeyword()----------
[INFO|htmlcrawl.py:41] 2020-03-08 22:20:07,422 > ----------getDaumKeyword()----------
[INFO|htmlcrawl.py:41] 2020-03-08 22:20:32,821 > ----------getDaumKeyword()----------
[INFO|htmlcrawl.py:41] 2020-03-08 22:20:51,587 > ----------getDaumKeyword()----------
[INFO|htmlcrawl.py:41] 2020-03-08 22:21:21,218 > ----------getDaumKeyword()----------
[INFO|htmlcrawl.py:41] 2020-03-08 22:21:49,839 > ----------getDaumKeyword()----------
[INFO|htmlcrawl.py:41] 2020-03-08 22:21:50,024 > ----------getDaumKeyword()----------
[INFO|htmlcrawl.py:41] 2020-03-08 22:21:50,273 > ----------getDaumKeyword()----------
[INFO|htmlcrawl.py:41] 2020-03-08 22:21:50,670 > ----------getDaumKeyword()----------
[INFO|htmlcrawl.py:41] 2020-03-08 22:21:50,871 > ----------getDaumKeyword()----------
[INFO|htmlcrawl.py:41] 2020-03-08 22:21:51,091 > ----------getDaumKeyword()----------
[INFO|htmlcrawl.py:41] 2020-03-08 22:21:51,242 > ----------getDaumKeyword()----------
[INFO|htmlcrawl.py:41] 2020-03-08 22:21:51,348 > ----------getDaumKeyword()----------
[INFO|htmlcrawl.py:41] 2020-03-08 22:21:51,507 > ----------getDaumKeyword()----------
[INFO|htmlcrawl.py:41] 2020-03-08 22:21:51,700 > ----------getDaumKeyword()----------
[INFO|htmlcrawl.py:41] 2020-03-08 22:21:51,875 > ----------getDaumKeyword()----------
[INFO|htmlcrawl.py:41] 2020-03-08 22:21:52,019 > ----------getDaumKeyword()----------
[INFO|htmlcrawl.py:41] 2020-03-08 22:21:52,153 > ----------getDaumKeyword()----------
[INFO|htmlcrawl.py:41] 2020-03-08 22:21:52,261 > ----------getDaumKeyword()----------
[INFO|htmlcrawl.py:41] 2020-03-08 22:21:52,404 > ----------getDaumKeyword()----------
[INFO|htmlcrawl.py:41] 2020-03-08 22:21:52,548 > ----------getDaumKeyword()----------
[INFO|htmlcrawl.py:41] 2020-03-08 22:21:52,662 > ----------getDaumKeyword()----------
[INFO|htmlcrawl.py:41] 2020-03-08 22:21:52,803 > ----------getDaumKeyword()----------
[INFO|htmlcrawl.py:41] 2020-03-08 22:21:52,899 > ----------getDaumKeyword()----------
[INFO|htmlcrawl.py:41] 2020-03-08 22:21:52,994 > ----------getDaumKeyword()----------
[INFO|htmlcrawl.py:41] 2020-03-08 22:21:53,136 > ----------getDaumKeyword()----------
[INFO|htmlcrawl.py:41] 2020-03-08 22:21:53,239 > ----------getDaumKeyword()----------
[INFO|htmlcrawl.py:41] 2020-03-08 22:21:53,337 > ----------getDaumKeyword()----------
[INFO|htmlcrawl.py:41] 2020-03-08 22:21:53,452 > ----------getDaumKeyword()----------
[INFO|htmlcrawl.py:41] 2020-03-08 22:21:53,584 > ----------getDaumKeyword()----------
[INFO|htmlcrawl.py:41] 2020-03-08 22:21:53,685 > ----------getDaumKeyword()----------
[INFO|htmlcrawl.py:41] 2020-03-08 22:21:53,788 > ----------getDaumKeyword()----------
[INFO|htmlcrawl.py:41] 2020-03-08 22:21:53,896 > ----------getDaumKeyword()----------
[INFO|htmlcrawl.py:41] 2020-03-08 22:21:54,042 > ----------getDaumKeyword()----------
[INFO|htmlcrawl.py:41] 2020-03-08 22:21:54,148 > ----------getDaumKeyword()----------
[INFO|htmlcrawl.py:41] 2020-03-08 22:21:54,318 > ----------getDaumKeyword()----------
[INFO|htmlcrawl.py:41] 2020-03-08 22:21:54,509 > ----------getDaumKeyword()----------
[INFO|htmlcrawl.py:41] 2020-03-08 22:21:54,640 > ----------getDaumKeyword()----------
[INFO|htmlcrawl.py:41] 2020-03-08 22:21:54,763 > ----------getDaumKeyword()----------
[INFO|htmlcrawl.py:41] 2020-03-08 22:21:54,924 > ----------getDaumKeyword()----------
[INFO|htmlcrawl.py:41] 2020-03-08 22:21:55,047 > ----------getDaumKeyword()----------
[INFO|htmlcrawl.py:41] 2020-03-08 22:21:55,181 > ----------getDaumKeyword()----------
[INFO|htmlcrawl.py:41] 2020-03-08 22:21:55,291 > ----------getDaumKeyword()----------
[INFO|htmlcrawl.py:41] 2020-03-08 22:21:55,391 > ----------getDaumKeyword()----------
[INFO|htmlcrawl.py:41] 2020-03-08 22:21:55,491 > ----------getDaumKeyword()----------
[INFO|htmlcrawl.py:41] 2020-03-08 22:21:55,869 > ----------getDaumKeyword()----------
[INFO|htmlcrawl.py:41] 2020-03-08 22:21:55,985 > ----------getDaumKeyword()----------
[INFO|htmlcrawl.py:41] 2020-03-08 22:21:56,107 > ----------getDaumKeyword()----------
[INFO|htmlcrawl.py:41] 2020-03-08 22:21:56,212 > ----------getDaumKeyword()----------
[INFO|htmlcrawl.py:41] 2020-03-08 22:21:56,314 > ----------getDaumKeyword()----------
[INFO|htmlcrawl.py:41] 2020-03-08 22:21:56,429 > ----------getDaumKeyword()----------
[INFO|htmlcrawl.py:41] 2020-03-08 22:21:56,562 > ----------getDaumKeyword()----------
[INFO|htmlcrawl.py:41] 2020-03-08 22:22:22,628 > ----------getDaumKeyword()----------
[INFO|htmlcrawl.py:41] 2020-03-08 22:22:38,621 > ----------getDaumKeyword()----------
[INFO|htmlcrawl.py:41] 2020-03-08 22:23:42,524 > ----------getDaumKeyword()----------
[INFO|htmlcrawl.py:41] 2020-03-08 22:24:25,339 > ----------getDaumKeyword()----------
[INFO|htmlcrawl.py:41] 2020-03-08 22:24:25,556 > ----------getDaumKeyword()----------
[INFO|htmlcrawl.py:41] 2020-03-08 22:24:25,723 > ----------getDaumKeyword()----------
[INFO|htmlcrawl.py:41] 2020-03-08 22:24:25,986 > ----------getDaumKeyword()----------
[INFO|htmlcrawl.py:41] 2020-03-08 22:24:26,172 > ----------getDaumKeyword()----------
[INFO|htmlcrawl.py:41] 2020-03-08 22:24:26,395 > ----------getDaumKeyword()----------
[INFO|htmlcrawl.py:41] 2020-03-08 22:24:26,537 > ----------getDaumKeyword()----------
[INFO|htmlcrawl.py:41] 2020-03-08 22:24:26,622 > ----------getDaumKeyword()----------
[INFO|htmlcrawl.py:41] 2020-03-08 22:24:26,728 > ----------getDaumKeyword()----------
[INFO|htmlcrawl.py:41] 2020-03-08 22:24:26,931 > ----------getDaumKeyword()----------
[INFO|htmlcrawl.py:41] 2020-03-08 22:24:27,033 > ----------getDaumKeyword()----------
[INFO|htmlcrawl.py:41] 2020-03-08 22:24:27,176 > ----------getDaumKeyword()----------
[INFO|htmlcrawl.py:41] 2020-03-08 22:24:27,266 > ----------getDaumKeyword()----------
[INFO|htmlcrawl.py:41] 2020-03-08 22:24:27,371 > ----------getDaumKeyword()----------
[INFO|htmlcrawl.py:41] 2020-03-08 22:24:27,459 > ----------getDaumKeyword()----------
[INFO|htmlcrawl.py:41] 2020-03-08 22:24:27,545 > ----------getDaumKeyword()----------
[INFO|htmlcrawl.py:41] 2020-03-08 22:24:27,641 > ----------getDaumKeyword()----------
[INFO|htmlcrawl.py:41] 2020-03-08 22:24:27,729 > ----------getDaumKeyword()----------
[INFO|htmlcrawl.py:41] 2020-03-08 22:24:27,841 > ----------getDaumKeyword()----------
[INFO|htmlcrawl.py:41] 2020-03-08 22:24:27,932 > ----------getDaumKeyword()----------
[INFO|htmlcrawl.py:41] 2020-03-08 22:24:28,015 > ----------getDaumKeyword()----------
[INFO|htmlcrawl.py:41] 2020-03-08 22:24:28,111 > ----------getDaumKeyword()----------
[INFO|htmlcrawl.py:41] 2020-03-08 22:24:28,215 > ----------getDaumKeyword()----------
[INFO|htmlcrawl.py:41] 2020-03-08 22:24:28,317 > ----------getDaumKeyword()----------
[INFO|htmlcrawl.py:41] 2020-03-08 22:24:28,397 > ----------getDaumKeyword()----------
[INFO|htmlcrawl.py:41] 2020-03-08 22:24:28,475 > ----------getDaumKeyword()----------
[INFO|htmlcrawl.py:41] 2020-03-08 22:24:28,560 > ----------getDaumKeyword()----------
[INFO|htmlcrawl.py:41] 2020-03-08 22:24:28,646 > ----------getDaumKeyword()----------
[INFO|htmlcrawl.py:41] 2020-03-08 22:24:28,735 > ----------getDaumKeyword()----------
[INFO|htmlcrawl.py:41] 2020-03-08 22:24:28,818 > ----------getDaumKeyword()----------
[INFO|htmlcrawl.py:41] 2020-03-08 22:24:28,907 > ----------getDaumKeyword()----------
[INFO|htmlcrawl.py:41] 2020-03-08 22:24:29,012 > ----------getDaumKeyword()----------
[INFO|htmlcrawl.py:41] 2020-03-08 22:24:29,096 > ----------getDaumKeyword()----------
[INFO|htmlcrawl.py:41] 2020-03-08 22:24:29,184 > ----------getDaumKeyword()----------
[INFO|htmlcrawl.py:41] 2020-03-08 22:24:29,271 > ----------getDaumKeyword()----------
[INFO|htmlcrawl.py:41] 2020-03-08 22:24:29,358 > ----------getDaumKeyword()----------
[INFO|htmlcrawl.py:41] 2020-03-08 22:25:38,515 > ----------getDaumKeyword()----------
[INFO|htmlcrawl.py:41] 2020-03-08 22:25:57,495 > ----------getDaumKeyword()----------
[INFO|htmlcrawl.py:41] 2020-03-08 22:27:29,345 > ----------getDaumKeyword()----------
[INFO|htmlcrawl.py:41] 2020-03-08 22:27:56,315 > ----------getDaumKeyword()----------
[INFO|htmlcrawl.py:41] 2020-03-08 22:28:16,182 > ----------getDaumKeyword()----------
[INFO|htmlcrawl.py:41] 2020-03-08 22:28:29,590 > ----------getDaumKeyword()----------
[INFO|htmlcrawl.py:41] 2020-03-08 22:30:50,246 > ----------getDaumKeyword()----------
[INFO|htmlcrawl.py:41] 2020-03-08 22:31:03,459 > ----------getDaumKeyword()----------
[INFO|htmlcrawl.py:41] 2020-03-08 22:31:03,785 > ----------getDaumKeyword()----------
[INFO|htmlcrawl.py:41] 2020-03-08 22:31:04,146 > ----------getDaumKeyword()----------
[INFO|htmlcrawl.py:41] 2020-03-08 22:31:04,535 > ----------getDaumKeyword()----------
[INFO|htmlcrawl.py:41] 2020-03-08 22:31:04,853 > ----------getDaumKeyword()----------
[INFO|htmlcrawl.py:41] 2020-03-08 22:31:05,172 > ----------getDaumKeyword()----------
[INFO|htmlcrawl.py:41] 2020-03-08 22:31:05,438 > ----------getDaumKeyword()----------
[INFO|htmlcrawl.py:41] 2020-03-08 22:31:05,650 > ----------getDaumKeyword()----------
[INFO|htmlcrawl.py:41] 2020-03-08 22:31:05,888 > ----------getDaumKeyword()----------
[INFO|htmlcrawl.py:41] 2020-03-08 22:31:06,225 > ----------getDaumKeyword()----------
[INFO|htmlcrawl.py:41] 2020-03-08 22:31:06,471 > ----------getDaumKeyword()----------
[INFO|htmlcrawl.py:41] 2020-03-08 22:31:06,739 > ----------getDaumKeyword()----------
[INFO|htmlcrawl.py:41] 2020-03-08 22:31:06,963 > ----------getDaumKeyword()----------
[INFO|htmlcrawl.py:41] 2020-03-08 22:31:07,182 > ----------getDaumKeyword()----------
[INFO|htmlcrawl.py:41] 2020-03-08 22:31:07,401 > ----------getDaumKeyword()----------
[INFO|htmlcrawl.py:41] 2020-03-08 22:31:07,614 > ----------getDaumKeyword()----------
[INFO|htmlcrawl.py:41] 2020-03-08 22:31:07,804 > ----------getDaumKeyword()----------
[INFO|htmlcrawl.py:41] 2020-03-08 22:31:07,988 > ----------getDaumKeyword()----------
[INFO|htmlcrawl.py:41] 2020-03-08 22:31:08,215 > ----------getDaumKeyword()----------
[INFO|htmlcrawl.py:41] 2020-03-08 22:31:08,409 > ----------getDaumKeyword()----------
[INFO|htmlcrawl.py:41] 2020-03-08 22:31:08,598 > ----------getDaumKeyword()----------
[INFO|htmlcrawl.py:41] 2020-03-08 22:31:08,783 > ----------getDaumKeyword()----------
[INFO|htmlcrawl.py:41] 2020-03-08 22:31:08,964 > ----------getDaumKeyword()----------
[INFO|htmlcrawl.py:41] 2020-03-08 22:31:09,151 > ----------getDaumKeyword()----------
[INFO|htmlcrawl.py:41] 2020-03-08 22:31:09,352 > ----------getDaumKeyword()----------
[INFO|htmlcrawl.py:41] 2020-03-08 22:31:09,535 > ----------getDaumKeyword()----------
[INFO|htmlcrawl.py:41] 2020-03-08 22:31:09,715 > ----------getDaumKeyword()----------
[INFO|htmlcrawl.py:41] 2020-03-08 22:31:09,915 > ----------getDaumKeyword()----------
[INFO|htmlcrawl.py:41] 2020-03-08 22:31:10,095 > ----------getDaumKeyword()----------
[INFO|htmlcrawl.py:41] 2020-03-08 22:31:10,318 > ----------getDaumKeyword()----------
[INFO|htmlcrawl.py:41] 2020-03-08 22:31:10,494 > ----------getDaumKeyword()----------
[INFO|htmlcrawl.py:41] 2020-03-08 22:31:10,699 > ----------getDaumKeyword()----------
[INFO|htmlcrawl.py:41] 2020-03-08 22:31:10,910 > ----------getDaumKeyword()----------
[INFO|htmlcrawl.py:41] 2020-03-08 22:31:11,079 > ----------getDaumKeyword()----------
[INFO|htmlcrawl.py:41] 2020-03-08 22:31:11,267 > ----------getDaumKeyword()----------
[INFO|htmlcrawl.py:41] 2020-03-08 22:31:11,443 > ----------getDaumKeyword()----------
[INFO|htmlcrawl.py:41] 2020-03-08 22:31:11,639 > ----------getDaumKeyword()----------
[INFO|htmlcrawl.py:41] 2020-03-08 22:31:11,829 > ----------getDaumKeyword()----------
[INFO|htmlcrawl.py:41] 2020-03-08 22:31:12,014 > ----------getDaumKeyword()----------
[INFO|htmlcrawl.py:41] 2020-03-08 22:31:12,196 > ----------getDaumKeyword()----------
[INFO|htmlcrawl.py:41] 2020-03-08 22:31:12,373 > ----------getDaumKeyword()----------
[INFO|htmlcrawl.py:41] 2020-03-08 22:31:12,559 > ----------getDaumKeyword()----------
[INFO|htmlcrawl.py:41] 2020-03-08 22:31:12,744 > ----------getDaumKeyword()----------
[INFO|htmlcrawl.py:41] 2020-03-08 22:31:12,926 > ----------getDaumKeyword()----------
[INFO|htmlcrawl.py:41] 2020-03-08 22:31:13,104 > ----------getDaumKeyword()----------
[INFO|htmlcrawl.py:41] 2020-03-08 22:31:13,280 > ----------getDaumKeyword()----------
[INFO|htmlcrawl.py:41] 2020-03-08 22:31:13,458 > ----------getDaumKeyword()----------
[INFO|htmlcrawl.py:41] 2020-03-08 22:31:13,641 > ----------getDaumKeyword()----------
[INFO|htmlcrawl.py:41] 2020-03-08 22:31:13,874 > ----------getDaumKeyword()----------
[INFO|htmlcrawl.py:41] 2020-03-08 22:31:14,072 > ----------getDaumKeyword()----------
[INFO|htmlcrawl.py:41] 2020-03-08 22:31:14,259 > ----------getDaumKeyword()----------
[INFO|htmlcrawl.py:41] 2020-03-08 22:31:14,456 > ----------getDaumKeyword()----------
[INFO|htmlcrawl.py:41] 2020-03-08 22:31:14,674 > ----------getDaumKeyword()----------
[INFO|htmlcrawl.py:41] 2020-03-08 22:31:14,888 > ----------getDaumKeyword()----------
[INFO|htmlcrawl.py:41] 2020-03-08 22:31:15,083 > ----------getDaumKeyword()----------
[INFO|htmlcrawl.py:41] 2020-03-08 22:31:15,299 > ----------getDaumKeyword()----------
[INFO|htmlcrawl.py:41] 2020-03-08 22:31:15,495 > ----------getDaumKeyword()----------
[INFO|htmlcrawl.py:41] 2020-03-08 22:31:15,702 > ----------getDaumKeyword()----------
[INFO|htmlcrawl.py:41] 2020-03-08 22:31:15,940 > ----------getDaumKeyword()----------
[INFO|htmlcrawl.py:41] 2020-03-08 22:31:16,131 > ----------getDaumKeyword()----------
[INFO|htmlcrawl.py:41] 2020-03-08 22:31:16,321 > ----------getDaumKeyword()----------
[INFO|htmlcrawl.py:41] 2020-03-08 22:31:16,508 > ----------getDaumKeyword()----------
[INFO|htmlcrawl.py:41] 2020-03-08 22:31:16,704 > ----------getDaumKeyword()----------
[INFO|htmlcrawl.py:41] 2020-03-08 22:31:16,904 > ----------getDaumKeyword()----------
[INFO|htmlcrawl.py:41] 2020-03-08 22:31:17,212 > ----------getDaumKeyword()----------
[INFO|htmlcrawl.py:41] 2020-03-08 22:31:17,404 > ----------getDaumKeyword()----------
[INFO|htmlcrawl.py:41] 2020-03-08 22:31:17,603 > ----------getDaumKeyword()----------
[INFO|htmlcrawl.py:41] 2020-03-08 22:31:17,787 > ----------getDaumKeyword()----------
[INFO|htmlcrawl.py:41] 2020-03-08 22:31:17,988 > ----------getDaumKeyword()----------
[INFO|htmlcrawl.py:41] 2020-03-08 22:31:18,180 > ----------getDaumKeyword()----------
[INFO|htmlcrawl.py:41] 2020-03-08 22:31:18,375 > ----------getDaumKeyword()----------
[INFO|htmlcrawl.py:41] 2020-03-08 22:31:18,567 > ----------getDaumKeyword()----------
[INFO|htmlcrawl.py:41] 2020-03-08 22:31:18,751 > ----------getDaumKeyword()----------
[INFO|htmlcrawl.py:41] 2020-03-08 22:31:18,936 > ----------getDaumKeyword()----------
[INFO|htmlcrawl.py:41] 2020-03-08 22:31:19,131 > ----------getDaumKeyword()----------
[INFO|htmlcrawl.py:41] 2020-03-08 22:31:19,315 > ----------getDaumKeyword()----------
[INFO|htmlcrawl.py:41] 2020-03-08 22:31:19,528 > ----------getDaumKeyword()----------
[INFO|htmlcrawl.py:41] 2020-03-08 22:31:19,712 > ----------getDaumKeyword()----------
[INFO|htmlcrawl.py:41] 2020-03-08 22:31:19,949 > ----------getDaumKeyword()----------
[INFO|htmlcrawl.py:41] 2020-03-08 22:31:20,160 > ----------getDaumKeyword()----------
[INFO|htmlcrawl.py:41] 2020-03-08 22:32:50,831 > ----------getDaumKeyword()----------
[INFO|htmlcrawl.py:41] 2020-03-08 22:32:51,652 > ----------getDaumKeyword()----------
[INFO|htmlcrawl.py:41] 2020-03-08 22:32:52,355 > ----------getDaumKeyword()----------
[INFO|htmlcrawl.py:41] 2020-03-08 22:32:53,106 > ----------getDaumKeyword()----------
[INFO|htmlcrawl.py:41] 2020-03-08 22:32:53,776 > ----------getDaumKeyword()----------
[INFO|htmlcrawl.py:41] 2020-03-08 22:32:54,522 > ----------getDaumKeyword()----------
[INFO|htmlcrawl.py:41] 2020-03-08 22:32:55,216 > ----------getDaumKeyword()----------
[INFO|htmlcrawl.py:41] 2020-03-08 22:32:55,803 > ----------getDaumKeyword()----------
[INFO|htmlcrawl.py:41] 2020-03-08 22:32:56,427 > ----------getDaumKeyword()----------
[INFO|htmlcrawl.py:41] 2020-03-08 22:32:57,191 > ----------getDaumKeyword()----------
[INFO|htmlcrawl.py:41] 2020-03-08 22:32:57,788 > ----------getDaumKeyword()----------
[INFO|htmlcrawl.py:41] 2020-03-08 22:32:58,480 > ----------getDaumKeyword()----------
[INFO|htmlcrawl.py:41] 2020-03-08 22:32:59,064 > ----------getDaumKeyword()----------
[INFO|htmlcrawl.py:41] 2020-03-08 22:32:59,716 > ----------getDaumKeyword()----------
[INFO|htmlcrawl.py:41] 2020-03-08 22:33:00,299 > ----------getDaumKeyword()----------
[INFO|htmlcrawl.py:41] 2020-03-08 22:33:00,890 > ----------getDaumKeyword()----------
[INFO|htmlcrawl.py:41] 2020-03-08 22:33:01,482 > ----------getDaumKeyword()----------
[INFO|htmlcrawl.py:41] 2020-03-08 22:33:02,070 > ----------getDaumKeyword()----------
[INFO|htmlcrawl.py:41] 2020-03-08 22:33:02,670 > ----------getDaumKeyword()----------
[INFO|htmlcrawl.py:41] 2020-03-08 22:33:03,282 > ----------getDaumKeyword()----------
[INFO|htmlcrawl.py:41] 2020-03-08 22:33:03,872 > ----------getDaumKeyword()----------
[INFO|htmlcrawl.py:41] 2020-03-08 22:33:04,504 > ----------getDaumKeyword()----------
[INFO|htmlcrawl.py:41] 2020-03-08 22:33:05,092 > ----------getDaumKeyword()----------
[INFO|htmlcrawl.py:41] 2020-03-08 22:33:05,670 > ----------getDaumKeyword()----------
[INFO|htmlcrawl.py:41] 2020-03-08 22:33:06,260 > ----------getDaumKeyword()----------
[INFO|htmlcrawl.py:41] 2020-03-08 22:33:06,854 > ----------getDaumKeyword()----------
[INFO|htmlcrawl.py:41] 2020-03-08 22:33:07,466 > ----------getDaumKeyword()----------
[INFO|htmlcrawl.py:41] 2020-03-08 22:33:08,067 > ----------getDaumKeyword()----------
[INFO|htmlcrawl.py:41] 2020-03-08 22:33:08,655 > ----------getDaumKeyword()----------
[INFO|htmlcrawl.py:41] 2020-03-08 22:33:09,243 > ----------getDaumKeyword()----------
[INFO|htmlcrawl.py:41] 2020-03-08 22:33:09,856 > ----------getDaumKeyword()----------
[INFO|htmlcrawl.py:41] 2020-03-08 22:33:10,464 > ----------getDaumKeyword()----------
[INFO|htmlcrawl.py:41] 2020-03-08 22:33:11,042 > ----------getDaumKeyword()----------
[INFO|htmlcrawl.py:41] 2020-03-08 22:33:11,637 > ----------getDaumKeyword()----------
[INFO|htmlcrawl.py:41] 2020-03-08 22:33:12,230 > ----------getDaumKeyword()----------
[INFO|htmlcrawl.py:41] 2020-03-08 22:33:12,816 > ----------getDaumKeyword()----------
[INFO|htmlcrawl.py:41] 2020-03-08 22:33:13,413 > ----------getDaumKeyword()----------
[INFO|htmlcrawl.py:41] 2020-03-08 22:33:14,007 > ----------getDaumKeyword()----------
[INFO|htmlcrawl.py:41] 2020-03-08 22:33:14,599 > ----------getDaumKeyword()----------
[INFO|htmlcrawl.py:41] 2020-03-08 22:33:15,195 > ----------getDaumKeyword()----------
[INFO|htmlcrawl.py:41] 2020-03-08 22:33:15,793 > ----------getDaumKeyword()----------
[INFO|htmlcrawl.py:41] 2020-03-08 22:33:16,382 > ----------getDaumKeyword()----------
[INFO|htmlcrawl.py:41] 2020-03-08 22:33:16,969 > ----------getDaumKeyword()----------
[INFO|htmlcrawl.py:41] 2020-03-08 22:33:17,551 > ----------getDaumKeyword()----------
[INFO|htmlcrawl.py:41] 2020-03-08 22:33:18,135 > ----------getDaumKeyword()----------
[INFO|htmlcrawl.py:41] 2020-03-08 22:33:18,723 > ----------getDaumKeyword()----------
[INFO|htmlcrawl.py:41] 2020-03-08 22:33:19,311 > ----------getDaumKeyword()----------
[INFO|htmlcrawl.py:41] 2020-03-08 22:33:19,901 > ----------getDaumKeyword()----------
[INFO|htmlcrawl.py:41] 2020-03-08 22:33:20,498 > ----------getDaumKeyword()----------
[INFO|htmlcrawl.py:41] 2020-03-08 22:33:21,103 > ----------getDaumKeyword()----------
[INFO|htmlcrawl.py:41] 2020-03-08 22:33:21,696 > ----------getDaumKeyword()----------
[INFO|htmlcrawl.py:41] 2020-03-08 22:33:22,284 > ----------getDaumKeyword()----------
[INFO|htmlcrawl.py:41] 2020-03-08 22:33:22,876 > ----------getDaumKeyword()----------
[INFO|htmlcrawl.py:41] 2020-03-08 22:33:23,480 > ----------getDaumKeyword()----------
[INFO|htmlcrawl.py:41] 2020-03-08 22:33:24,065 > ----------getDaumKeyword()----------
[INFO|htmlcrawl.py:41] 2020-03-08 22:33:24,677 > ----------getDaumKeyword()----------
[INFO|htmlcrawl.py:41] 2020-03-08 22:33:25,264 > ----------getDaumKeyword()----------
[INFO|htmlcrawl.py:41] 2020-03-08 22:33:25,852 > ----------getDaumKeyword()----------
[INFO|htmlcrawl.py:41] 2020-03-08 22:33:26,436 > ----------getDaumKeyword()----------
[INFO|htmlcrawl.py:41] 2020-03-08 22:33:27,019 > ----------getDaumKeyword()----------
[INFO|htmlcrawl.py:41] 2020-03-08 22:33:27,602 > ----------getDaumKeyword()----------
[INFO|htmlcrawl.py:41] 2020-03-08 22:33:28,218 > ----------getDaumKeyword()----------
[INFO|htmlcrawl.py:41] 2020-03-08 22:33:28,840 > ----------getDaumKeyword()----------
[INFO|htmlcrawl.py:41] 2020-03-08 22:33:29,435 > ----------getDaumKeyword()----------
[INFO|htmlcrawl.py:41] 2020-03-08 22:33:30,015 > ----------getDaumKeyword()----------
[INFO|htmlcrawl.py:41] 2020-03-08 22:33:30,599 > ----------getDaumKeyword()----------
[INFO|htmlcrawl.py:41] 2020-03-08 22:33:31,191 > ----------getDaumKeyword()----------
[INFO|htmlcrawl.py:41] 2020-03-08 22:33:31,796 > ----------getDaumKeyword()----------
[INFO|htmlcrawl.py:41] 2020-03-08 22:33:32,391 > ----------getDaumKeyword()----------
[INFO|htmlcrawl.py:41] 2020-03-08 22:33:32,994 > ----------getDaumKeyword()----------
[INFO|htmlcrawl.py:41] 2020-03-08 22:33:33,585 > ----------getDaumKeyword()----------
[INFO|htmlcrawl.py:41] 2020-03-08 22:33:34,180 > ----------getDaumKeyword()----------
[INFO|htmlcrawl.py:41] 2020-03-08 22:33:34,767 > ----------getDaumKeyword()----------
[INFO|htmlcrawl.py:41] 2020-03-08 22:34:39,280 > ----------getDaumKeyword()----------
[INFO|htmlcrawl.py:41] 2020-03-08 22:34:41,521 > ----------getDaumKeyword()----------
[INFO|htmlcrawl.py:41] 2020-03-08 22:34:43,748 > ----------getDaumKeyword()----------
[INFO|htmlcrawl.py:41] 2020-03-08 22:34:46,088 > ----------getDaumKeyword()----------
[INFO|htmlcrawl.py:41] 2020-03-08 22:34:48,263 > ----------getDaumKeyword()----------
[INFO|htmlcrawl.py:41] 2020-03-08 22:34:50,486 > ----------getDaumKeyword()----------
[INFO|htmlcrawl.py:41] 2020-03-08 22:34:52,684 > ----------getDaumKeyword()----------
[INFO|htmlcrawl.py:41] 2020-03-08 22:34:54,823 > ----------getDaumKeyword()----------
[INFO|htmlcrawl.py:41] 2020-03-08 22:34:56,933 > ----------getDaumKeyword()----------
[INFO|htmlcrawl.py:41] 2020-03-08 22:34:59,174 > ----------getDaumKeyword()----------
[INFO|htmlcrawl.py:41] 2020-03-08 22:35:01,276 > ----------getDaumKeyword()----------
[INFO|htmlcrawl.py:41] 2020-03-08 22:35:03,468 > ----------getDaumKeyword()----------
[INFO|htmlcrawl.py:41] 2020-03-08 22:35:05,566 > ----------getDaumKeyword()----------
[INFO|htmlcrawl.py:41] 2020-03-08 22:35:07,694 > ----------getDaumKeyword()----------
[INFO|htmlcrawl.py:41] 2020-03-08 22:35:09,780 > ----------getDaumKeyword()----------
[INFO|htmlcrawl.py:41] 2020-03-08 22:35:11,876 > ----------getDaumKeyword()----------
[INFO|htmlcrawl.py:41] 2020-03-08 22:35:13,968 > ----------getDaumKeyword()----------
[INFO|htmlcrawl.py:41] 2020-03-08 22:35:16,094 > ----------getDaumKeyword()----------
[INFO|htmlcrawl.py:41] 2020-03-08 22:35:18,188 > ----------getDaumKeyword()----------
[INFO|htmlcrawl.py:41] 2020-03-08 22:35:20,282 > ----------getDaumKeyword()----------
[INFO|htmlcrawl.py:41] 2020-03-08 22:35:22,375 > ----------getDaumKeyword()----------
[INFO|htmlcrawl.py:41] 2020-03-08 22:35:24,462 > ----------getDaumKeyword()----------
[INFO|htmlcrawl.py:41] 2020-03-08 22:35:26,549 > ----------getDaumKeyword()----------
[INFO|htmlcrawl.py:41] 2020-03-08 22:35:28,635 > ----------getDaumKeyword()----------
[INFO|htmlcrawl.py:41] 2020-03-08 22:35:30,728 > ----------getDaumKeyword()----------
[INFO|htmlcrawl.py:41] 2020-03-08 22:35:32,846 > ----------getDaumKeyword()----------
[INFO|htmlcrawl.py:41] 2020-03-08 22:35:34,969 > ----------getDaumKeyword()----------
[INFO|htmlcrawl.py:41] 2020-03-08 22:35:37,081 > ----------getDaumKeyword()----------
[INFO|htmlcrawl.py:41] 2020-03-08 22:35:39,165 > ----------getDaumKeyword()----------
[INFO|htmlcrawl.py:41] 2020-03-08 22:35:41,255 > ----------getDaumKeyword()----------
[INFO|htmlcrawl.py:41] 2020-03-08 22:35:43,370 > ----------getDaumKeyword()----------
[INFO|htmlcrawl.py:41] 2020-03-08 22:35:45,487 > ----------getDaumKeyword()----------
[INFO|htmlcrawl.py:41] 2020-03-08 22:35:47,594 > ----------getDaumKeyword()----------
[INFO|htmlcrawl.py:41] 2020-03-08 22:35:49,675 > ----------getDaumKeyword()----------
[INFO|htmlcrawl.py:41] 2020-03-08 22:35:51,772 > ----------getDaumKeyword()----------
[INFO|htmlcrawl.py:41] 2020-03-08 22:35:53,884 > ----------getDaumKeyword()----------
[INFO|htmlcrawl.py:41] 2020-03-08 22:35:56,022 > ----------getDaumKeyword()----------
[INFO|htmlcrawl.py:41] 2020-03-08 22:35:58,151 > ----------getDaumKeyword()----------
[INFO|htmlcrawl.py:41] 2020-03-08 22:36:00,254 > ----------getDaumKeyword()----------
[INFO|htmlcrawl.py:41] 2020-03-08 22:36:02,373 > ----------getDaumKeyword()----------
[INFO|htmlcrawl.py:41] 2020-03-08 22:36:04,466 > ----------getDaumKeyword()----------
[INFO|htmlcrawl.py:41] 2020-03-08 22:36:06,550 > ----------getDaumKeyword()----------
[INFO|htmlcrawl.py:41] 2020-03-08 22:36:08,635 > ----------getDaumKeyword()----------
[INFO|htmlcrawl.py:41] 2020-03-08 22:36:10,716 > ----------getDaumKeyword()----------
[INFO|htmlcrawl.py:41] 2020-03-08 22:36:12,809 > ----------getDaumKeyword()----------
[INFO|htmlcrawl.py:41] 2020-03-08 22:36:14,903 > ----------getDaumKeyword()----------
[INFO|htmlcrawl.py:41] 2020-03-08 22:36:17,021 > ----------getDaumKeyword()----------
[INFO|htmlcrawl.py:41] 2020-03-08 22:36:19,159 > ----------getDaumKeyword()----------
[INFO|htmlcrawl.py:41] 2020-03-08 22:36:21,252 > ----------getDaumKeyword()----------
[INFO|htmlcrawl.py:41] 2020-03-08 22:36:23,345 > ----------getDaumKeyword()----------
[INFO|htmlcrawl.py:41] 2020-03-08 22:36:25,435 > ----------getDaumKeyword()----------
[INFO|htmlcrawl.py:41] 2020-03-08 22:36:27,533 > ----------getDaumKeyword()----------
[INFO|htmlcrawl.py:41] 2020-03-08 22:36:29,667 > ----------getDaumKeyword()----------
[INFO|htmlcrawl.py:41] 2020-03-08 22:36:31,760 > ----------getDaumKeyword()----------
[INFO|htmlcrawl.py:41] 2020-03-08 22:36:33,851 > ----------getDaumKeyword()----------
[INFO|htmlcrawl.py:41] 2020-03-08 22:36:35,957 > ----------getDaumKeyword()----------
[INFO|htmlcrawl.py:41] 2020-03-08 22:36:38,093 > ----------getDaumKeyword()----------
[INFO|htmlcrawl.py:41] 2020-03-08 22:36:40,216 > ----------getDaumKeyword()----------
[INFO|htmlcrawl.py:41] 2020-03-08 22:36:42,316 > ----------getDaumKeyword()----------
[INFO|htmlcrawl.py:41] 2020-03-08 22:36:44,408 > ----------getDaumKeyword()----------
[INFO|htmlcrawl.py:41] 2020-03-08 22:36:46,500 > ----------getDaumKeyword()----------
[INFO|htmlcrawl.py:41] 2020-03-08 22:36:48,604 > ----------getDaumKeyword()----------
[INFO|htmlcrawl.py:41] 2020-03-08 22:36:50,695 > ----------getDaumKeyword()----------
[INFO|htmlcrawl.py:41] 2020-03-08 22:36:52,787 > ----------getDaumKeyword()----------
[INFO|htmlcrawl.py:41] 2020-03-08 22:36:54,893 > ----------getDaumKeyword()----------
[INFO|htmlcrawl.py:41] 2020-03-08 22:36:56,993 > ----------getDaumKeyword()----------
[INFO|htmlcrawl.py:41] 2020-03-08 22:36:59,114 > ----------getDaumKeyword()----------
[INFO|htmlcrawl.py:41] 2020-03-08 22:37:01,238 > ----------getDaumKeyword()----------
[INFO|htmlcrawl.py:41] 2020-03-08 22:37:03,385 > ----------getDaumKeyword()----------
[INFO|htmlcrawl.py:41] 2020-03-08 22:37:05,548 > ----------getDaumKeyword()----------
[INFO|htmlcrawl.py:41] 2020-03-08 22:37:07,634 > ----------getDaumKeyword()----------
[INFO|htmlcrawl.py:41] 2020-03-08 22:37:09,730 > ----------getDaumKeyword()----------
[INFO|htmlcrawl.py:41] 2020-03-08 22:37:11,822 > ----------getDaumKeyword()----------
[INFO|htmlcrawl.py:41] 2020-03-08 22:37:13,915 > ----------getDaumKeyword()----------
[INFO|htmlcrawl.py:41] 2020-03-08 22:37:16,012 > ----------getDaumKeyword()----------
[INFO|htmlcrawl.py:41] 2020-03-08 22:37:18,128 > ----------getDaumKeyword()----------
[INFO|htmlcrawl.py:41] 2020-03-08 22:37:20,216 > ----------getDaumKeyword()----------
[INFO|htmlcrawl.py:41] 2020-03-08 22:37:22,350 > ----------getDaumKeyword()----------
[INFO|htmlcrawl.py:41] 2020-03-08 22:37:24,455 > ----------getDaumKeyword()----------
[INFO|htmlcrawl.py:41] 2020-03-08 22:37:26,594 > ----------getDaumKeyword()----------
[INFO|htmlcrawl.py:41] 2020-03-08 22:39:12,813 > ----------getDaumKeyword()----------
[INFO|htmlcrawl.py:41] 2020-03-08 22:39:15,063 > ----------getDaumKeyword()----------
[INFO|htmlcrawl.py:41] 2020-03-08 22:39:17,327 > ----------getDaumKeyword()----------
[INFO|htmlcrawl.py:41] 2020-03-08 22:39:19,623 > ----------getDaumKeyword()----------
[INFO|htmlcrawl.py:41] 2020-03-08 22:39:21,935 > ----------getDaumKeyword()----------
[INFO|htmlcrawl.py:41] 2020-03-08 22:39:24,232 > ----------getDaumKeyword()----------
[INFO|htmlcrawl.py:41] 2020-03-08 22:39:26,534 > ----------getDaumKeyword()----------
[INFO|htmlcrawl.py:41] 2020-03-08 22:39:28,661 > ----------getDaumKeyword()----------
[INFO|htmlcrawl.py:41] 2020-03-08 22:39:30,824 > ----------getDaumKeyword()----------
[INFO|htmlcrawl.py:41] 2020-03-08 22:39:33,082 > ----------getDaumKeyword()----------
[INFO|htmlcrawl.py:41] 2020-03-08 22:39:35,234 > ----------getDaumKeyword()----------
[INFO|htmlcrawl.py:41] 2020-03-08 22:39:37,418 > ----------getDaumKeyword()----------
[INFO|htmlcrawl.py:41] 2020-03-08 22:39:39,549 > ----------getDaumKeyword()----------
[INFO|htmlcrawl.py:41] 2020-03-08 22:39:41,693 > ----------getDaumKeyword()----------
[INFO|htmlcrawl.py:41] 2020-03-08 22:39:43,814 > ----------getDaumKeyword()----------
[INFO|htmlcrawl.py:41] 2020-03-08 22:39:45,929 > ----------getDaumKeyword()----------
[INFO|htmlcrawl.py:41] 2020-03-08 22:39:48,053 > ----------getDaumKeyword()----------
[INFO|htmlcrawl.py:41] 2020-03-08 22:39:50,209 > ----------getDaumKeyword()----------
[INFO|htmlcrawl.py:41] 2020-03-08 22:39:52,311 > ----------getDaumKeyword()----------
[INFO|htmlcrawl.py:41] 2020-03-08 22:39:54,406 > ----------getDaumKeyword()----------
[INFO|htmlcrawl.py:41] 2020-03-08 22:39:56,535 > ----------getDaumKeyword()----------
[INFO|htmlcrawl.py:41] 2020-03-08 22:39:58,623 > ----------getDaumKeyword()----------
[INFO|htmlcrawl.py:41] 2020-03-08 22:40:00,715 > ----------getDaumKeyword()----------
[INFO|htmlcrawl.py:41] 2020-03-08 22:40:02,806 > ----------getDaumKeyword()----------
[INFO|htmlcrawl.py:41] 2020-03-08 22:40:04,918 > ----------getDaumKeyword()----------
[INFO|htmlcrawl.py:41] 2020-03-08 22:40:07,031 > ----------getDaumKeyword()----------
[INFO|htmlcrawl.py:41] 2020-03-08 22:40:09,163 > ----------getDaumKeyword()----------
[INFO|htmlcrawl.py:41] 2020-03-08 22:40:11,272 > ----------getDaumKeyword()----------
[INFO|htmlcrawl.py:41] 2020-03-08 22:40:13,423 > ----------getDaumKeyword()----------
[INFO|htmlcrawl.py:41] 2020-03-08 22:40:15,512 > ----------getDaumKeyword()----------
[INFO|htmlcrawl.py:41] 2020-03-08 22:40:17,603 > ----------getDaumKeyword()----------
[INFO|htmlcrawl.py:41] 2020-03-08 22:40:19,710 > ----------getDaumKeyword()----------
[INFO|htmlcrawl.py:41] 2020-03-08 22:40:21,814 > ----------getDaumKeyword()----------
[INFO|htmlcrawl.py:41] 2020-03-08 22:40:23,898 > ----------getDaumKeyword()----------
[INFO|htmlcrawl.py:41] 2020-03-08 22:40:26,056 > ----------getDaumKeyword()----------
[INFO|htmlcrawl.py:41] 2020-03-08 22:40:28,186 > ----------getDaumKeyword()----------
[INFO|htmlcrawl.py:41] 2020-03-08 22:40:30,308 > ----------getDaumKeyword()----------
[INFO|htmlcrawl.py:41] 2020-03-08 22:40:32,406 > ----------getDaumKeyword()----------
[INFO|htmlcrawl.py:41] 2020-03-08 22:40:34,499 > ----------getDaumKeyword()----------
[INFO|htmlcrawl.py:41] 2020-03-08 22:40:36,598 > ----------getDaumKeyword()----------
[INFO|htmlcrawl.py:41] 2020-03-08 22:40:38,685 > ----------getDaumKeyword()----------
[INFO|htmlcrawl.py:41] 2020-03-08 22:40:40,773 > ----------getDaumKeyword()----------
[INFO|htmlcrawl.py:41] 2020-03-08 22:40:42,859 > ----------getDaumKeyword()----------
[INFO|htmlcrawl.py:41] 2020-03-08 22:40:44,959 > ----------getDaumKeyword()----------
[INFO|htmlcrawl.py:41] 2020-03-08 22:40:47,051 > ----------getDaumKeyword()----------
[INFO|htmlcrawl.py:41] 2020-03-08 22:40:49,156 > ----------getDaumKeyword()----------
[INFO|htmlcrawl.py:41] 2020-03-08 22:40:51,276 > ----------getDaumKeyword()----------
[INFO|htmlcrawl.py:41] 2020-03-08 22:40:53,365 > ----------getDaumKeyword()----------
[INFO|htmlcrawl.py:41] 2020-03-08 22:40:55,454 > ----------getDaumKeyword()----------
[INFO|htmlcrawl.py:41] 2020-03-08 22:40:57,541 > ----------getDaumKeyword()----------
[INFO|htmlcrawl.py:41] 2020-03-08 22:40:59,628 > ----------getDaumKeyword()----------
[INFO|htmlcrawl.py:41] 2020-03-08 22:41:01,719 > ----------getDaumKeyword()----------
[INFO|htmlcrawl.py:41] 2020-03-08 22:41:03,820 > ----------getDaumKeyword()----------
[INFO|htmlcrawl.py:41] 2020-03-08 22:41:05,900 > ----------getDaumKeyword()----------
[INFO|htmlcrawl.py:41] 2020-03-08 22:41:07,989 > ----------getDaumKeyword()----------
[INFO|htmlcrawl.py:41] 2020-03-08 22:41:10,094 > ----------getDaumKeyword()----------
[INFO|htmlcrawl.py:41] 2020-03-08 22:41:12,215 > ----------getDaumKeyword()----------
[INFO|htmlcrawl.py:41] 2020-03-08 22:41:14,308 > ----------getDaumKeyword()----------
[INFO|htmlcrawl.py:41] 2020-03-08 22:41:16,418 > ----------getDaumKeyword()----------
[INFO|htmlcrawl.py:41] 2020-03-08 22:41:18,499 > ----------getDaumKeyword()----------
[INFO|htmlcrawl.py:41] 2020-03-08 22:41:20,581 > ----------getDaumKeyword()----------
[INFO|htmlcrawl.py:41] 2020-03-08 22:41:22,660 > ----------getDaumKeyword()----------
[INFO|htmlcrawl.py:41] 2020-03-08 22:41:24,762 > ----------getDaumKeyword()----------
[INFO|htmlcrawl.py:41] 2020-03-08 22:41:26,847 > ----------getDaumKeyword()----------
[INFO|htmlcrawl.py:41] 2020-03-08 22:41:28,945 > ----------getDaumKeyword()----------
[INFO|htmlcrawl.py:41] 2020-03-08 22:41:31,048 > ----------getDaumKeyword()----------
[INFO|htmlcrawl.py:41] 2020-03-08 22:41:33,191 > ----------getDaumKeyword()----------
[INFO|htmlcrawl.py:41] 2020-03-08 22:41:35,279 > ----------getDaumKeyword()----------
[INFO|htmlcrawl.py:41] 2020-03-08 22:41:37,372 > ----------getDaumKeyword()----------
[INFO|htmlcrawl.py:41] 2020-03-08 22:41:39,469 > ----------getDaumKeyword()----------
[INFO|htmlcrawl.py:41] 2020-03-08 22:41:41,556 > ----------getDaumKeyword()----------
[INFO|htmlcrawl.py:41] 2020-03-08 22:41:43,646 > ----------getDaumKeyword()----------
[INFO|htmlcrawl.py:41] 2020-03-08 22:41:45,728 > ----------getDaumKeyword()----------
[INFO|htmlcrawl.py:41] 2020-03-08 22:41:47,836 > ----------getDaumKeyword()----------
[INFO|htmlcrawl.py:41] 2020-03-08 22:41:49,930 > ----------getDaumKeyword()----------
[INFO|htmlcrawl.py:41] 2020-03-08 22:41:52,033 > ----------getDaumKeyword()----------
[INFO|htmlcrawl.py:41] 2020-03-08 22:41:54,144 > ----------getDaumKeyword()----------
[INFO|htmlcrawl.py:41] 2020-03-08 22:41:56,240 > ----------getDaumKeyword()----------
[INFO|htmlcrawl.py:41] 2020-03-08 22:41:58,344 > ----------getDaumKeyword()----------
[INFO|htmlcrawl.py:41] 2020-03-08 22:42:00,445 > ----------getDaumKeyword()----------
[INFO|htmlcrawl.py:41] 2020-03-08 22:42:48,988 > ----------getDaumKeyword()----------
[INFO|htmlcrawl.py:41] 2020-03-08 22:42:51,219 > ----------getDaumKeyword()----------
[INFO|htmlcrawl.py:41] 2020-03-08 22:42:53,438 > ----------getDaumKeyword()----------
[INFO|htmlcrawl.py:41] 2020-03-08 22:42:55,834 > ----------getDaumKeyword()----------
[INFO|htmlcrawl.py:41] 2020-03-08 22:42:58,043 > ----------getDaumKeyword()----------
[INFO|htmlcrawl.py:41] 2020-03-08 22:43:00,271 > ----------getDaumKeyword()----------
[INFO|htmlcrawl.py:41] 2020-03-08 22:43:02,462 > ----------getDaumKeyword()----------
[INFO|htmlcrawl.py:41] 2020-03-08 22:43:04,574 > ----------getDaumKeyword()----------
[INFO|htmlcrawl.py:41] 2020-03-08 22:43:40,671 > ----------getDaumKeyword()----------
[INFO|htmlcrawl.py:41] 2020-03-08 22:43:42,887 > ----------getDaumKeyword()----------
[INFO|htmlcrawl.py:41] 2020-03-08 22:43:45,095 > ----------getDaumKeyword()----------
[INFO|htmlcrawl.py:41] 2020-03-08 22:43:47,409 > ----------getDaumKeyword()----------
[INFO|htmlcrawl.py:41] 2020-03-08 22:43:49,593 > ----------getDaumKeyword()----------
[INFO|htmlcrawl.py:41] 2020-03-08 22:43:51,858 > ----------getDaumKeyword()----------
[INFO|htmlcrawl.py:41] 2020-03-08 22:43:54,048 > ----------getDaumKeyword()----------
[INFO|htmlcrawl.py:41] 2020-03-08 22:43:56,165 > ----------getDaumKeyword()----------
[INFO|htmlcrawl.py:41] 2020-03-08 22:44:40,904 > ----------getDaumKeyword()----------
[INFO|htmlcrawl.py:41] 2020-03-08 22:44:43,176 > ----------getDaumKeyword()----------
[INFO|htmlcrawl.py:41] 2020-03-08 22:44:45,438 > ----------getDaumKeyword()----------
[INFO|htmlcrawl.py:41] 2020-03-08 22:44:47,717 > ----------getDaumKeyword()----------
[INFO|htmlcrawl.py:41] 2020-03-08 22:44:49,960 > ----------getDaumKeyword()----------
[INFO|htmlcrawl.py:41] 2020-03-08 22:44:52,217 > ----------getDaumKeyword()----------
[INFO|htmlcrawl.py:41] 2020-03-08 22:44:54,406 > ----------getDaumKeyword()----------
[INFO|htmlcrawl.py:41] 2020-03-08 22:44:56,498 > ----------getDaumKeyword()----------
[INFO|htmlcrawl.py:41] 2020-03-08 22:47:33,570 > ----------getDaumKeyword()----------
[INFO|htmlcrawl.py:41] 2020-03-08 22:47:34,761 > ----------getDaumKeyword()----------
[INFO|htmlcrawl.py:41] 2020-03-08 22:47:35,951 > ----------getDaumKeyword()----------
[INFO|htmlcrawl.py:41] 2020-03-08 22:47:37,166 > ----------getDaumKeyword()----------
[INFO|htmlcrawl.py:41] 2020-03-08 22:47:38,340 > ----------getDaumKeyword()----------
[INFO|htmlcrawl.py:41] 2020-03-08 22:47:39,533 > ----------getDaumKeyword()----------
[INFO|htmlcrawl.py:41] 2020-03-08 22:47:40,667 > ----------getDaumKeyword()----------
[INFO|htmlcrawl.py:41] 2020-03-08 22:47:41,782 > ----------getDaumKeyword()----------
[INFO|htmlcrawl.py:41] 2020-03-08 22:47:42,935 > ----------getDaumKeyword()----------
[INFO|htmlcrawl.py:41] 2020-03-08 22:47:44,126 > ----------getDaumKeyword()----------
[INFO|htmlcrawl.py:41] 2020-03-08 22:47:45,258 > ----------getDaumKeyword()----------
[INFO|htmlcrawl.py:41] 2020-03-08 22:47:46,404 > ----------getDaumKeyword()----------
[INFO|htmlcrawl.py:41] 2020-03-08 22:47:47,519 > ----------getDaumKeyword()----------
[INFO|htmlcrawl.py:41] 2020-03-08 22:47:48,636 > ----------getDaumKeyword()----------
[INFO|htmlcrawl.py:41] 2020-03-08 22:47:49,786 > ----------getDaumKeyword()----------
[INFO|htmlcrawl.py:41] 2020-03-08 22:47:50,929 > ----------getDaumKeyword()----------
[INFO|htmlcrawl.py:41] 2020-03-08 22:47:52,028 > ----------getDaumKeyword()----------
[INFO|htmlcrawl.py:41] 2020-03-08 22:47:53,151 > ----------getDaumKeyword()----------
[INFO|htmlcrawl.py:41] 2020-03-08 22:47:54,236 > ----------getDaumKeyword()----------
[INFO|htmlcrawl.py:41] 2020-03-08 22:47:55,338 > ----------getDaumKeyword()----------
[INFO|htmlcrawl.py:41] 2020-03-08 22:47:56,439 > ----------getDaumKeyword()----------
[INFO|htmlcrawl.py:41] 2020-03-08 22:47:57,556 > ----------getDaumKeyword()----------
[INFO|htmlcrawl.py:41] 2020-03-08 22:47:58,656 > ----------getDaumKeyword()----------
[INFO|htmlcrawl.py:41] 2020-03-08 22:47:59,749 > ----------getDaumKeyword()----------
[INFO|htmlcrawl.py:41] 2020-03-08 22:48:00,864 > ----------getDaumKeyword()----------
[INFO|htmlcrawl.py:41] 2020-03-08 22:48:01,960 > ----------getDaumKeyword()----------
[INFO|htmlcrawl.py:41] 2020-03-08 22:48:03,056 > ----------getDaumKeyword()----------
[INFO|htmlcrawl.py:41] 2020-03-08 22:48:04,153 > ----------getDaumKeyword()----------
[INFO|htmlcrawl.py:41] 2020-03-08 22:48:05,254 > ----------getDaumKeyword()----------
[INFO|htmlcrawl.py:41] 2020-03-08 22:48:06,347 > ----------getDaumKeyword()----------
[INFO|htmlcrawl.py:41] 2020-03-08 22:48:07,439 > ----------getDaumKeyword()----------
[INFO|htmlcrawl.py:41] 2020-03-08 22:48:08,561 > ----------getDaumKeyword()----------
[INFO|htmlcrawl.py:41] 2020-03-08 22:48:09,648 > ----------getDaumKeyword()----------
[INFO|htmlcrawl.py:41] 2020-03-08 22:48:10,773 > ----------getDaumKeyword()----------
[INFO|htmlcrawl.py:41] 2020-03-08 22:48:11,917 > ----------getDaumKeyword()----------
[INFO|htmlcrawl.py:41] 2020-03-08 22:48:13,018 > ----------getDaumKeyword()----------
[INFO|htmlcrawl.py:41] 2020-03-08 22:48:14,106 > ----------getDaumKeyword()----------
[INFO|htmlcrawl.py:41] 2020-03-08 22:48:15,194 > ----------getDaumKeyword()----------
[INFO|htmlcrawl.py:41] 2020-03-08 22:48:16,351 > ----------getDaumKeyword()----------
[INFO|htmlcrawl.py:41] 2020-03-08 22:48:17,463 > ----------getDaumKeyword()----------
[INFO|htmlcrawl.py:41] 2020-03-08 22:48:18,560 > ----------getDaumKeyword()----------
[INFO|htmlcrawl.py:41] 2020-03-08 22:48:19,649 > ----------getDaumKeyword()----------
[INFO|htmlcrawl.py:41] 2020-03-08 22:48:20,741 > ----------getDaumKeyword()----------
[INFO|htmlcrawl.py:41] 2020-03-08 22:48:21,841 > ----------getDaumKeyword()----------
[INFO|htmlcrawl.py:41] 2020-03-08 22:48:22,938 > ----------getDaumKeyword()----------
[INFO|htmlcrawl.py:41] 2020-03-08 22:48:24,022 > ----------getDaumKeyword()----------
[INFO|htmlcrawl.py:41] 2020-03-08 22:48:25,157 > ----------getDaumKeyword()----------
[INFO|htmlcrawl.py:41] 2020-03-08 22:48:26,246 > ----------getDaumKeyword()----------
[INFO|htmlcrawl.py:41] 2020-03-08 22:48:27,333 > ----------getDaumKeyword()----------
[INFO|htmlcrawl.py:41] 2020-03-08 22:48:28,451 > ----------getDaumKeyword()----------
[INFO|htmlcrawl.py:41] 2020-03-08 22:48:29,547 > ----------getDaumKeyword()----------
[INFO|htmlcrawl.py:41] 2020-03-08 22:48:30,680 > ----------getDaumKeyword()----------
[INFO|htmlcrawl.py:41] 2020-03-08 22:48:31,806 > ----------getDaumKeyword()----------
[INFO|htmlcrawl.py:41] 2020-03-08 22:48:32,942 > ----------getDaumKeyword()----------
[INFO|htmlcrawl.py:41] 2020-03-08 22:48:34,037 > ----------getDaumKeyword()----------
[INFO|htmlcrawl.py:41] 2020-03-08 22:48:35,141 > ----------getDaumKeyword()----------
[INFO|htmlcrawl.py:41] 2020-03-08 22:48:36,254 > ----------getDaumKeyword()----------
[INFO|htmlcrawl.py:41] 2020-03-08 22:48:37,347 > ----------getDaumKeyword()----------
[INFO|htmlcrawl.py:41] 2020-03-08 22:48:38,459 > ----------getDaumKeyword()----------
[INFO|htmlcrawl.py:41] 2020-03-08 22:48:39,554 > ----------getDaumKeyword()----------
[INFO|htmlcrawl.py:41] 2020-03-08 22:48:40,641 > ----------getDaumKeyword()----------
[INFO|htmlcrawl.py:41] 2020-03-08 22:48:41,737 > ----------getDaumKeyword()----------
[INFO|htmlcrawl.py:41] 2020-03-08 22:48:42,844 > ----------getDaumKeyword()----------
[INFO|htmlcrawl.py:41] 2020-03-08 22:48:43,953 > ----------getDaumKeyword()----------
[INFO|htmlcrawl.py:41] 2020-03-08 22:48:45,050 > ----------getDaumKeyword()----------
[INFO|htmlcrawl.py:41] 2020-03-08 22:48:46,239 > ----------getDaumKeyword()----------
[INFO|htmlcrawl.py:41] 2020-03-08 22:48:47,340 > ----------getDaumKeyword()----------
[INFO|htmlcrawl.py:41] 2020-03-08 22:48:48,428 > ----------getDaumKeyword()----------
[INFO|htmlcrawl.py:41] 2020-03-08 22:48:49,522 > ----------getDaumKeyword()----------
[INFO|htmlcrawl.py:41] 2020-03-08 22:48:50,646 > ----------getDaumKeyword()----------
[INFO|htmlcrawl.py:41] 2020-03-08 22:48:51,750 > ----------getDaumKeyword()----------
[INFO|htmlcrawl.py:41] 2020-03-08 22:48:52,871 > ----------getDaumKeyword()----------
[INFO|htmlcrawl.py:41] 2020-03-08 22:48:54,019 > ----------getDaumKeyword()----------
[INFO|htmlcrawl.py:41] 2020-03-08 22:48:55,169 > ----------getDaumKeyword()----------
[INFO|htmlcrawl.py:41] 2020-03-08 22:48:56,285 > ----------getDaumKeyword()----------
[INFO|htmlcrawl.py:41] 2020-03-08 22:48:57,391 > ----------getDaumKeyword()----------
[INFO|htmlcrawl.py:41] 2020-03-08 22:48:58,500 > ----------getDaumKeyword()----------
[INFO|htmlcrawl.py:41] 2020-03-08 22:48:59,618 > ----------getDaumKeyword()----------
[INFO|htmlcrawl.py:41] 2020-03-08 22:49:00,725 > ----------getDaumKeyword()----------
[INFO|htmlcrawl.py:41] 2020-03-08 22:49:01,850 > ----------getDaumKeyword()----------
[INFO|htmlcrawl.py:41] 2020-03-08 22:51:46,774 > ----------getDaumKeyword()----------
[INFO|htmlcrawl.py:41] 2020-03-08 22:51:52,046 > ----------getDaumKeyword()----------
[INFO|htmlcrawl.py:41] 2020-03-08 22:52:22,172 > ----------getDaumKeyword()----------
[INFO|htmlcrawl.py:41] 2020-03-08 22:52:27,395 > ----------getDaumKeyword()----------
[INFO|htmlcrawl.py:41] 2020-03-08 22:52:32,621 > ----------getDaumKeyword()----------
[INFO|htmlcrawl.py:41] 2020-03-08 22:52:37,914 > ----------getDaumKeyword()----------
[INFO|htmlcrawl.py:41] 2020-03-08 22:52:43,162 > ----------getDaumKeyword()----------
[INFO|htmlcrawl.py:41] 2020-03-08 22:52:48,453 > ----------getDaumKeyword()----------
[INFO|htmlcrawl.py:41] 2020-03-08 22:52:53,644 > ----------getDaumKeyword()----------
[INFO|htmlcrawl.py:41] 2020-03-08 22:52:58,763 > ----------getDaumKeyword()----------
[INFO|htmlcrawl.py:41] 2020-03-08 22:53:03,893 > ----------getDaumKeyword()----------
[INFO|htmlcrawl.py:41] 2020-03-08 22:53:09,183 > ----------getDaumKeyword()----------
[INFO|htmlcrawl.py:41] 2020-03-08 22:53:14,357 > ----------getDaumKeyword()----------
[INFO|htmlcrawl.py:41] 2020-03-08 22:53:19,537 > ----------getDaumKeyword()----------
[INFO|htmlcrawl.py:41] 2020-03-08 22:53:24,659 > ----------getDaumKeyword()----------
[INFO|htmlcrawl.py:41] 2020-03-08 22:53:29,816 > ----------getDaumKeyword()----------
[INFO|htmlcrawl.py:41] 2020-03-08 22:53:34,974 > ----------getDaumKeyword()----------
[INFO|htmlcrawl.py:41] 2020-03-08 22:53:40,108 > ----------getDaumKeyword()----------
[INFO|htmlcrawl.py:41] 2020-03-08 22:53:45,203 > ----------getDaumKeyword()----------
[INFO|htmlcrawl.py:41] 2020-03-08 22:53:50,356 > ----------getDaumKeyword()----------
[INFO|htmlcrawl.py:41] 2020-03-08 22:53:55,478 > ----------getDaumKeyword()----------
[INFO|htmlcrawl.py:41] 2020-03-08 22:54:00,567 > ----------getDaumKeyword()----------
[INFO|htmlcrawl.py:41] 2020-03-08 22:54:05,673 > ----------getDaumKeyword()----------
[INFO|htmlcrawl.py:41] 2020-03-08 22:54:10,762 > ----------getDaumKeyword()----------
[INFO|htmlcrawl.py:41] 2020-03-08 22:54:15,879 > ----------getDaumKeyword()----------
[INFO|htmlcrawl.py:41] 2020-03-08 22:54:20,979 > ----------getDaumKeyword()----------
[INFO|htmlcrawl.py:41] 2020-03-08 22:54:26,108 > ----------getDaumKeyword()----------
[INFO|htmlcrawl.py:41] 2020-03-08 22:54:31,199 > ----------getDaumKeyword()----------
[INFO|htmlcrawl.py:41] 2020-03-08 22:54:36,382 > ----------getDaumKeyword()----------
[INFO|htmlcrawl.py:41] 2020-03-08 22:54:41,475 > ----------getDaumKeyword()----------
[INFO|htmlcrawl.py:41] 2020-03-08 22:54:46,563 > ----------getDaumKeyword()----------
[INFO|htmlcrawl.py:41] 2020-03-08 22:54:51,701 > ----------getDaumKeyword()----------
[INFO|htmlcrawl.py:41] 2020-03-08 22:54:56,828 > ----------getDaumKeyword()----------
[INFO|htmlcrawl.py:41] 2020-03-08 22:55:01,949 > ----------getDaumKeyword()----------
[INFO|htmlcrawl.py:41] 2020-03-08 22:55:07,059 > ----------getDaumKeyword()----------
[INFO|htmlcrawl.py:41] 2020-03-08 22:55:12,144 > ----------getDaumKeyword()----------
[INFO|htmlcrawl.py:41] 2020-03-08 22:55:17,290 > ----------getDaumKeyword()----------
[INFO|htmlcrawl.py:41] 2020-03-08 22:55:22,375 > ----------getDaumKeyword()----------
[INFO|htmlcrawl.py:41] 2020-03-08 22:55:27,531 > ----------getDaumKeyword()----------
[INFO|htmlcrawl.py:41] 2020-03-08 22:55:32,623 > ----------getDaumKeyword()----------
[INFO|htmlcrawl.py:41] 2020-03-08 22:55:37,743 > ----------getDaumKeyword()----------
[INFO|htmlcrawl.py:41] 2020-03-08 22:55:42,849 > ----------getDaumKeyword()----------
[INFO|htmlcrawl.py:41] 2020-03-08 22:55:47,958 > ----------getDaumKeyword()----------
[INFO|htmlcrawl.py:41] 2020-03-08 22:55:53,052 > ----------getDaumKeyword()----------
[INFO|htmlcrawl.py:41] 2020-03-08 22:55:58,171 > ----------getDaumKeyword()----------
[INFO|htmlcrawl.py:41] 2020-03-08 22:56:03,264 > ----------getDaumKeyword()----------
[INFO|htmlcrawl.py:41] 2020-03-08 22:56:08,366 > ----------getDaumKeyword()----------
[INFO|htmlcrawl.py:41] 2020-03-08 22:56:13,453 > ----------getDaumKeyword()----------
[INFO|htmlcrawl.py:41] 2020-03-08 22:56:18,580 > ----------getDaumKeyword()----------
[INFO|htmlcrawl.py:41] 2020-03-08 22:56:23,668 > ----------getDaumKeyword()----------
[INFO|htmlcrawl.py:41] 2020-03-08 22:56:28,764 > ----------getDaumKeyword()----------
[INFO|htmlcrawl.py:41] 2020-03-08 22:56:33,874 > ----------getDaumKeyword()----------
[INFO|htmlcrawl.py:41] 2020-03-08 22:56:39,003 > ----------getDaumKeyword()----------
[INFO|htmlcrawl.py:41] 2020-03-08 22:56:44,132 > ----------getDaumKeyword()----------
[INFO|htmlcrawl.py:41] 2020-03-08 22:56:49,226 > ----------getDaumKeyword()----------
[INFO|htmlcrawl.py:41] 2020-03-08 22:56:54,365 > ----------getDaumKeyword()----------
[INFO|htmlcrawl.py:41] 2020-03-08 22:56:59,494 > ----------getDaumKeyword()----------
[INFO|htmlcrawl.py:41] 2020-03-08 22:57:04,621 > ----------getDaumKeyword()----------
[INFO|htmlcrawl.py:41] 2020-03-08 22:57:09,756 > ----------getDaumKeyword()----------
[INFO|htmlcrawl.py:41] 2020-03-08 22:57:14,870 > ----------getDaumKeyword()----------
[INFO|htmlcrawl.py:41] 2020-03-08 22:57:19,958 > ----------getDaumKeyword()----------
[INFO|htmlcrawl.py:41] 2020-03-08 22:57:25,083 > ----------getDaumKeyword()----------
[INFO|htmlcrawl.py:41] 2020-03-08 22:57:30,168 > ----------getDaumKeyword()----------
[INFO|htmlcrawl.py:41] 2020-03-08 22:57:35,261 > ----------getDaumKeyword()----------
[INFO|htmlcrawl.py:41] 2020-03-08 22:57:40,381 > ----------getDaumKeyword()----------
[INFO|htmlcrawl.py:41] 2020-03-08 22:57:45,504 > ----------getDaumKeyword()----------
[INFO|htmlcrawl.py:41] 2020-03-08 22:57:50,607 > ----------getDaumKeyword()----------
[INFO|htmlcrawl.py:41] 2020-03-08 22:57:55,723 > ----------getDaumKeyword()----------
[INFO|htmlcrawl.py:41] 2020-03-08 22:58:00,812 > ----------getDaumKeyword()----------
[INFO|htmlcrawl.py:41] 2020-03-08 22:58:05,944 > ----------getDaumKeyword()----------
[INFO|htmlcrawl.py:41] 2020-03-08 22:58:11,065 > ----------getDaumKeyword()----------
[INFO|htmlcrawl.py:41] 2020-03-08 22:58:16,162 > ----------getDaumKeyword()----------
[INFO|htmlcrawl.py:41] 2020-03-08 22:58:21,258 > ----------getDaumKeyword()----------
[INFO|htmlcrawl.py:41] 2020-03-08 22:58:26,405 > ----------getDaumKeyword()----------
[INFO|htmlcrawl.py:41] 2020-03-08 22:58:31,490 > ----------getDaumKeyword()----------
[INFO|htmlcrawl.py:41] 2020-03-08 22:58:36,582 > ----------getDaumKeyword()----------
[INFO|htmlcrawl.py:41] 2020-03-08 22:58:41,684 > ----------getDaumKeyword()----------
[INFO|htmlcrawl.py:41] 2020-03-08 22:58:46,810 > ----------getDaumKeyword()----------
[INFO|htmlcrawl.py:41] 2020-03-08 22:58:51,908 > ----------getDaumKeyword()----------
[INFO|htmlcrawl.py:41] 2020-03-08 22:58:56,991 > ----------getDaumKeyword()----------
[INFO|htmlcrawl.py:41] 2020-03-08 22:59:02,092 > ----------getDaumKeyword()----------
[INFO|htmlcrawl.py:41] 2020-03-08 22:59:07,240 > ----------getDaumKeyword()----------
