[INFO|main.py:16] 2020-03-02 23:18:47,462 > ----------main()----------
[INFO|htmlcrawl.py:243] 2020-03-02 23:18:47,462 > ----------getResultKeywordFile()----------
[INFO|htmlcrawl.py:119] 2020-03-02 23:18:47,462 > ----------getDaumKeyword()----------
[INFO|htmlcrawl.py:74] 2020-03-02 23:18:47,862 > ----------getNaverKeyword()----------
[INFO|htmlcrawl.py:160] 2020-03-02 23:18:48,081 > ----------getYoutubeKeyword()----------
[INFO|htmlcrawl.py:179] 2020-03-02 23:18:48,919 > ----------getDaumNews()----------
[INFO|htmlcrawl.py:204] 2020-03-02 23:18:49,227 > ----------getNaverNews()----------
[INFO|htmlcrawl.py:54] 2020-03-02 23:18:49,451 > ----------setKeywordHeader()----------
[INFO|mkHtml.py:26] 2020-03-02 23:20:10,870 > ----------getHtml()----------
[INFO|main.py:14] 2020-03-02 23:21:02,523 > ----------main()----------
[INFO|htmlcrawl.py:241] 2020-03-02 23:21:02,523 > ----------getResultKeywordFile()----------
[INFO|htmlcrawl.py:117] 2020-03-02 23:21:02,523 > ----------getDaumKeyword()----------
[INFO|htmlcrawl.py:72] 2020-03-02 23:21:02,918 > ----------getNaverKeyword()----------
[INFO|htmlcrawl.py:158] 2020-03-02 23:21:03,178 > ----------getYoutubeKeyword()----------
[INFO|htmlcrawl.py:177] 2020-03-02 23:21:04,002 > ----------getDaumNews()----------
[INFO|htmlcrawl.py:202] 2020-03-02 23:21:04,324 > ----------getNaverNews()----------
[INFO|htmlcrawl.py:52] 2020-03-02 23:21:04,551 > ----------setKeywordHeader()----------
[INFO|main.py:14] 2020-03-02 23:22:28,514 > ----------main()----------
[INFO|htmlcrawl.py:241] 2020-03-02 23:22:28,514 > ----------getResultKeywordFile()----------
[INFO|htmlcrawl.py:117] 2020-03-02 23:22:28,514 > ----------getDaumKeyword()----------
[INFO|htmlcrawl.py:72] 2020-03-02 23:22:28,914 > ----------getNaverKeyword()----------
[INFO|htmlcrawl.py:158] 2020-03-02 23:22:29,158 > ----------getYoutubeKeyword()----------
[INFO|htmlcrawl.py:177] 2020-03-02 23:22:30,383 > ----------getDaumNews()----------
[INFO|htmlcrawl.py:202] 2020-03-02 23:22:30,688 > ----------getNaverNews()----------
[INFO|htmlcrawl.py:52] 2020-03-02 23:22:30,911 > ----------setKeywordHeader()----------
[INFO|mkHtml.py:26] 2020-03-02 23:22:34,102 > ----------getHtml()----------
